#
# A fatal error has been detected by the Java Runtime Environment:
#
#  SIGSEGV (0xb) at pc=0x000000010c8c5ded, pid=2436, tid=0x000000000000aa0b
#
# JRE version: Java(TM) SE Runtime Environment (8.0_201-b09) (build 1.8.0_201-b09)
# Java VM: Java HotSpot(TM) 64-Bit Server VM (25.201-b09 mixed mode bsd-amd64 compressed oops)
# Problematic frame:
# V  [libjvm.dylib+0x2c5ded]
#
# Failed to write core dump. Core dumps have been disabled. To enable core dumping, try "ulimit -c unlimited" before starting Java again
#
# If you would like to submit a bug report, please visit:
#   http://bugreport.java.com/bugreport/crash.jsp
#

---------------  T H R E A D  ---------------

Current thread (0x00007ff7cc04a800):  JavaThread "restartedMain" [_thread_in_vm, id=43531, stack(0x0000700003ca8000,0x0000700003da8000)]

siginfo: si_signo: 11 (SIGSEGV), si_code: 1 (SEGV_MAPERR), si_addr: 0x000000000000000c

Registers:
RAX=0x0000000000000000, RBX=0x000000000000000f, RCX=0x0000000000000000, RDX=0x000000000000000f
RSP=0x0000700003da1b50, RBP=0x0000700003da1b50, RSI=0x00007ff7d67a5fb0, RDI=0x00000006c1985c70
R8 =0x0000000024831946, R9 =0x0000000000000066, R10=0x0000000000000001, R11=0x000000000000000a
R12=0x0000000000000000, R13=0x00007ff7d67a5fb0, R14=0x00007ff7d67a5fb0, R15=0x0000000000000000
RIP=0x000000010c8c5ded, EFLAGS=0x0000000000010202, ERR=0x0000000000000004
  TRAPNO=0x000000000000000e

Top of Stack: (sp=0x0000700003da1b50)
0x0000700003da1b50:   0000700003da1b80 000000010c8f3379
0x0000700003da1b60:   00007ff7d0286788 000000000000000f
0x0000700003da1b70:   0000000000000000 0000000024831946
0x0000700003da1b80:   0000700003da1bc0 000000010cb39c18
0x0000700003da1b90:   00007ff7ceb0cac0 00007ff7cc04a800
0x0000700003da1ba0:   0000000000000000 0000700003da1cf0
0x0000700003da1bb0:   000000000000000f 00007ff7d67a5fb0
0x0000700003da1bc0:   0000700003da1c10 000000010cb39e67
0x0000700003da1bd0:   00007ff7cbcfffff 0000700003da1c24
0x0000700003da1be0:   0000495324831946 00007ff7cc04a800
0x0000700003da1bf0:   0000700003da1cc8 0000700003da1cf0
0x0000700003da1c00:   0000000000000000 0000700003da1cf0
0x0000700003da1c10:   0000700003da1c60 000000010cb3a0fc
0x0000700003da1c20:   0000000f00000011 00007ff7d8029f40
0x0000700003da1c30:   00007ff7d67a5200 00007ff7d67a5fb0
0x0000700003da1c40:   00007ff7d67ad1e8 00000000000083b0
0x0000700003da1c50:   00007ff7cc04a800 00007ff7cc04a800
0x0000700003da1c60:   0000700003da1c80 000000010c7e36fa
0x0000700003da1c70:   00007ff7cc04a800 00007ff7d6c3f990
0x0000700003da1c80:   0000700003da1cb0 000000010c8f760b
0x0000700003da1c90:   0000700003da1cc8 00007ff7cc04a800
0x0000700003da1ca0:   00007ff7d6c3f990 000000010c8f73b0
0x0000700003da1cb0:   0000700003da1d30 000000010c8c3374
0x0000700003da1cc0:   0000700003da1d00 000000012d396558
0x0000700003da1cd0:   000000012d396098 00007ff7cc04a800
0x0000700003da1ce0:   000000110000000f 0000000700000066
0x0000700003da1cf0:   0000000f00000019 000000012d396098
0x0000700003da1d00:   00007ff7cc04a800 00007ff7cc04a800
0x0000700003da1d10:   00007ff7d6c3f990 0000000782a6e340
0x0000700003da1d20:   00007ff7d6c3f960 00000007c09b3440
0x0000700003da1d30:   0000700003da1d80 000000010c8f788a
0x0000700003da1d40:   0000700003da1d80 00007ff7d6c3f968 

Instructions: (pc=0x000000010c8c5ded)
0x000000010c8c5dcd:   00 8a 4a 08 48 d3 e0 48 03 02 eb 04 48 8b 04 07
0x000000010c8c5ddd:   48 8d 0d 30 c1 62 00 80 39 00 0f 94 c1 0f b6 c9
0x000000010c8c5ded:   8b 44 88 0c 5d c3 8b 04 07 5d c3 90 55 48 89 e5
0x000000010c8c5dfd:   48 85 ff 74 22 8b 07 85 c0 74 1c ff c8 48 8d 0c 

Register to memory mapping:

RAX=0x0000000000000000 is an unknown value
RBX=0x000000000000000f is an unknown value
RCX=0x0000000000000000 is an unknown value
RDX=0x000000000000000f is an unknown value
RSP=0x0000700003da1b50 is pointing into the stack for thread: 0x00007ff7cc04a800
RBP=0x0000700003da1b50 is pointing into the stack for thread: 0x00007ff7cc04a800
RSI=0x00007ff7d67a5fb0 is an unknown value
RDI=0x00000006c1985c70 is an oop
java.lang.String 
 - klass: 'java/lang/String'
R8 =0x0000000024831946 is an unknown value
R9 =0x0000000000000066 is an unknown value
R10=0x0000000000000001 is an unknown value
R11=0x000000000000000a is an unknown value
R12=0x0000000000000000 is an unknown value
R13=0x00007ff7d67a5fb0 is an unknown value
R14=0x00007ff7d67a5fb0 is an unknown value
R15=0x0000000000000000 is an unknown value


Stack: [0x0000700003ca8000,0x0000700003da8000],  sp=0x0000700003da1b50,  free space=998k
Native frames: (J=compiled Java code, j=interpreted, Vv=VM code, C=native code)
V  [libjvm.dylib+0x2c5ded]
V  [libjvm.dylib+0x2f3379]
V  [libjvm.dylib+0x539c18]
V  [libjvm.dylib+0x539e67]
V  [libjvm.dylib+0x53a0fc]
V  [libjvm.dylib+0x1e36fa]
V  [libjvm.dylib+0x2f760b]
V  [libjvm.dylib+0x2c3374]
V  [libjvm.dylib+0x2f788a]
V  [libjvm.dylib+0x189d06]
V  [libjvm.dylib+0x540b58]
V  [libjvm.dylib+0x3535b4]
V  [libjvm.dylib+0x353748]
C  [libjava.dylib+0x25df]  Java_java_lang_ClassLoader_defineClass1+0x171
J 1028  java.lang.ClassLoader.defineClass1(Ljava/lang/String;[BIILjava/security/ProtectionDomain;Ljava/lang/String;)Ljava/lang/Class; (0 bytes) @ 0x00000001134e300b [0x00000001134e2f00+0x10b]
J 6146 C1 java.lang.ClassLoader.defineClass(Ljava/lang/String;[BIILjava/security/ProtectionDomain;)Ljava/lang/Class; (43 bytes) @ 0x0000000113ae58d4 [0x0000000113ae5780+0x154]
J 7879 C2 java.net.URLClassLoader$1.run()Ljava/lang/Object; (5 bytes) @ 0x000000011499eef0 [0x000000011499b5c0+0x3930]
v  ~StubRoutines::call_stub
V  [libjvm.dylib+0x2f0bea]
V  [libjvm.dylib+0x3514e0]
J 170  java.security.AccessController.doPrivileged(Ljava/security/PrivilegedExceptionAction;Ljava/security/AccessControlContext;)Ljava/lang/Object; (0 bytes) @ 0x0000000113210255 [0x0000000113210180+0xd5]
J 3146 C2 java.net.URLClassLoader.findClass(Ljava/lang/String;)Ljava/lang/Class; (47 bytes) @ 0x0000000113be98c4 [0x0000000113be9820+0xa4]
J 2222 C1 org.springframework.boot.devtools.restart.classloader.RestartClassLoader.findClass(Ljava/lang/String;)Ljava/lang/Class; (69 bytes) @ 0x000000011388d6b4 [0x000000011388d0e0+0x5d4]
J 6386 C1 org.springframework.boot.devtools.restart.classloader.RestartClassLoader.loadClass(Ljava/lang/String;Z)Ljava/lang/Class; (118 bytes) @ 0x00000001143784f4 [0x00000001143781a0+0x354]
J 2315 C2 java.lang.ClassLoader.loadClass(Ljava/lang/String;)Ljava/lang/Class; (7 bytes) @ 0x00000001138e1264 [0x00000001138e1220+0x44]
v  ~StubRoutines::call_stub
V  [libjvm.dylib+0x2f0bea]
V  [libjvm.dylib+0x2f138e]
V  [libjvm.dylib+0x2f14e6]
V  [libjvm.dylib+0x5419ec]
V  [libjvm.dylib+0x541196]
V  [libjvm.dylib+0x541c08]
V  [libjvm.dylib+0x5422bb]
V  [libjvm.dylib+0x1e42e8]
V  [libjvm.dylib+0x4555f6]
V  [libjvm.dylib+0x3ce772]
V  [libjvm.dylib+0x3d1f4a]
V  [libjvm.dylib+0x3d206f]
V  [libjvm.dylib+0x2eafca]
j  com.jerotoma.config.SecurityConfig.configure(Lorg/springframework/security/config/annotation/web/builders/HttpSecurity;)V+18
j  org.springframework.security.config.annotation.web.configuration.WebSecurityConfigurerAdapter.getHttp()Lorg/springframework/security/config/annotation/web/builders/HttpSecurity;+274
j  org.springframework.security.config.annotation.web.configuration.WebSecurityConfigurerAdapter.init(Lorg/springframework/security/config/annotation/web/builders/WebSecurity;)V+1
j  org.springframework.security.config.annotation.web.configuration.WebSecurityConfigurerAdapter.init(Lorg/springframework/security/config/annotation/SecurityBuilder;)V+5
j  com.jerotoma.config.SecurityConfig$$EnhancerBySpringCGLIB$$70692ee.init(Lorg/springframework/security/config/annotation/SecurityBuilder;)V+2
j  org.springframework.security.config.annotation.AbstractConfiguredSecurityBuilder.init()V+33
j  org.springframework.security.config.annotation.AbstractConfiguredSecurityBuilder.doBuild()Ljava/lang/Object;+19
j  org.springframework.security.config.annotation.AbstractSecurityBuilder.build()Ljava/lang/Object;+14
j  org.springframework.security.config.annotation.web.configuration.WebSecurityConfiguration.springSecurityFilterChain()Ljavax/servlet/Filter;+63
j  org.springframework.security.config.annotation.web.configuration.WebSecurityConfiguration$$EnhancerBySpringCGLIB$$f02635a8.CGLIB$springSecurityFilterChain$5()Ljavax/servlet/Filter;+1
j  org.springframework.security.config.annotation.web.configuration.WebSecurityConfiguration$$EnhancerBySpringCGLIB$$f02635a8$$FastClassBySpringCGLIB$$75ee0b52.invoke(ILjava/lang/Object;[Ljava/lang/Object;)Ljava/lang/Object;+183
J 8166 C1 org.springframework.context.annotation.ConfigurationClassEnhancer$BeanMethodInterceptor.intercept(Ljava/lang/Object;Ljava/lang/reflect/Method;[Ljava/lang/Object;Lorg/springframework/cglib/proxy/MethodProxy;)Ljava/lang/Object; (222 bytes) @ 0x0000000114971f44 [0x00000001149712e0+0xc64]
j  org.springframework.security.config.annotation.web.configuration.WebSecurityConfiguration$$EnhancerBySpringCGLIB$$f02635a8.springSecurityFilterChain()Ljavax/servlet/Filter;+31
v  ~StubRoutines::call_stub
V  [libjvm.dylib+0x2f0bea]
V  [libjvm.dylib+0x4d7830]
V  [libjvm.dylib+0x4d7d64]
V  [libjvm.dylib+0x349138]
J 2355  sun.reflect.NativeMethodAccessorImpl.invoke0(Ljava/lang/reflect/Method;Ljava/lang/Object;[Ljava/lang/Object;)Ljava/lang/Object; (0 bytes) @ 0x00000001139298ad [0x00000001139297c0+0xed]
J 2354 C1 sun.reflect.NativeMethodAccessorImpl.invoke(Ljava/lang/Object;[Ljava/lang/Object;)Ljava/lang/Object; (104 bytes) @ 0x0000000113942e6c [0x0000000113941c80+0x11ec]
J 6622 C2 java.lang.reflect.Method.invoke(Ljava/lang/Object;[Ljava/lang/Object;)Ljava/lang/Object; (62 bytes) @ 0x000000011435608c [0x0000000114355fa0+0xec]
J 8170 C1 org.springframework.beans.factory.support.SimpleInstantiationStrategy.instantiate(Lorg/springframework/beans/factory/support/RootBeanDefinition;Ljava/lang/String;Lorg/springframework/beans/factory/BeanFactory;Ljava/lang/Object;Ljava/lang/reflect/Method;[Ljava/lang/Object;)Ljava/lang/Object; (330 bytes) @ 0x0000000114997234 [0x0000000114997000+0x234]
J 8185 C1 org.springframework.beans.factory.support.ConstructorResolver.instantiate(Ljava/lang/String;Lorg/springframework/beans/factory/support/RootBeanDefinition;Ljava/lang/Object;Ljava/lang/reflect/Method;[Ljava/lang/Object;)Ljava/lang/Object; (74 bytes) @ 0x00000001135be184 [0x00000001135bdfe0+0x1a4]
j  org.springframework.beans.factory.support.ConstructorResolver.instantiateUsingFactoryMethod(Ljava/lang/String;Lorg/springframework/beans/factory/support/RootBeanDefinition;[Ljava/lang/Object;)Lorg/springframework/beans/BeanWrapper;+441
J 8182 C1 org.springframework.beans.factory.support.AbstractAutowireCapableBeanFactory.createBeanInstance(Ljava/lang/String;Lorg/springframework/beans/factory/support/RootBeanDefinition;[Ljava/lang/Object;)Lorg/springframework/beans/BeanWrapper; (254 bytes) @ 0x0000000114995ae4 [0x0000000114995100+0x9e4]
J 5947 C1 org.springframework.beans.factory.support.AbstractAutowireCapableBeanFactory.doCreateBean(Ljava/lang/String;Lorg/springframework/beans/factory/support/RootBeanDefinition;[Ljava/lang/Object;)Ljava/lang/Object; (516 bytes) @ 0x00000001138a4b4c [0x00000001138a4500+0x64c]
J 5610 C1 org.springframework.beans.factory.support.AbstractAutowireCapableBeanFactory.createBean(Ljava/lang/String;Lorg/springframework/beans/factory/support/RootBeanDefinition;[Ljava/lang/Object;)Ljava/lang/Object; (254 bytes) @ 0x00000001143ec7cc [0x00000001143eb2e0+0x14ec]
J 5615 C1 org.springframework.beans.factory.support.AbstractBeanFactory$$Lambda$111.getObject()Ljava/lang/Object; (20 bytes) @ 0x00000001143fb1ac [0x00000001143fb020+0x18c]
J 5626 C1 org.springframework.beans.factory.support.DefaultSingletonBeanRegistry.getSingleton(Ljava/lang/String;Lorg/springframework/beans/factory/ObjectFactory;)Ljava/lang/Object; (297 bytes) @ 0x0000000114405024 [0x00000001144040a0+0xf84]
J 2961 C1 org.springframework.beans.factory.support.AbstractBeanFactory.doGetBean(Ljava/lang/String;Ljava/lang/Class;[Ljava/lang/Object;Z)Ljava/lang/Object; (839 bytes) @ 0x0000000113b48774 [0x0000000113b48100+0x674]
J 2961 C1 org.springframework.beans.factory.support.AbstractBeanFactory.doGetBean(Ljava/lang/String;Ljava/lang/Class;[Ljava/lang/Object;Z)Ljava/lang/Object; (839 bytes) @ 0x0000000113b485ec [0x0000000113b48100+0x4ec]
J 5475 C1 org.springframework.beans.factory.support.AbstractBeanFactory.getBean(Ljava/lang/String;)Ljava/lang/Object; (9 bytes) @ 0x000000011432ddac [0x000000011432dc80+0x12c]
j  org.springframework.beans.factory.support.DefaultListableBeanFactory.preInstantiateSingletons()V+250
j  org.springframework.context.support.AbstractApplicationContext.finishBeanFactoryInitialization(Lorg/springframework/beans/factory/config/ConfigurableListableBeanFactory;)V+130
j  org.springframework.context.support.AbstractApplicationContext.refresh()V+54
j  org.springframework.boot.web.servlet.context.ServletWebServerApplicationContext.refresh()V+1
j  org.springframework.boot.SpringApplication.refresh(Lorg/springframework/context/ApplicationContext;)V+11
j  org.springframework.boot.SpringApplication.refreshContext(Lorg/springframework/context/ConfigurableApplicationContext;)V+2
j  org.springframework.boot.SpringApplication.run([Ljava/lang/String;)Lorg/springframework/context/ConfigurableApplicationContext;+118
j  org.springframework.boot.SpringApplication.run([Ljava/lang/Class;[Ljava/lang/String;)Lorg/springframework/context/ConfigurableApplicationContext;+9
j  org.springframework.boot.SpringApplication.run(Ljava/lang/Class;[Ljava/lang/String;)Lorg/springframework/context/ConfigurableApplicationContext;+9
j  com.jerotoma.PMSApplication.main([Ljava/lang/String;)V+3
v  ~StubRoutines::call_stub
V  [libjvm.dylib+0x2f0bea]
V  [libjvm.dylib+0x4d7830]
V  [libjvm.dylib+0x4d7d64]
V  [libjvm.dylib+0x349138]
J 2355  sun.reflect.NativeMethodAccessorImpl.invoke0(Ljava/lang/reflect/Method;Ljava/lang/Object;[Ljava/lang/Object;)Ljava/lang/Object; (0 bytes) @ 0x00000001139298ad [0x00000001139297c0+0xed]
J 2354 C1 sun.reflect.NativeMethodAccessorImpl.invoke(Ljava/lang/Object;[Ljava/lang/Object;)Ljava/lang/Object; (104 bytes) @ 0x0000000113942e6c [0x0000000113941c80+0x11ec]
J 6622 C2 java.lang.reflect.Method.invoke(Ljava/lang/Object;[Ljava/lang/Object;)Ljava/lang/Object; (62 bytes) @ 0x000000011435608c [0x0000000114355fa0+0xec]
j  org.springframework.boot.devtools.restart.RestartLauncher.run()V+41
v  ~StubRoutines::call_stub
V  [libjvm.dylib+0x2f0bea]
V  [libjvm.dylib+0x2f138e]
V  [libjvm.dylib+0x2f153a]
V  [libjvm.dylib+0x34be29]
V  [libjvm.dylib+0x570c33]
V  [libjvm.dylib+0x57232e]
V  [libjvm.dylib+0x48f3ca]
C  [libsystem_pthread.dylib+0x32eb]  _pthread_body+0x7e
C  [libsystem_pthread.dylib+0x6249]  _pthread_start+0x42
...<more frames>...

Java frames: (J=compiled Java code, j=interpreted, Vv=VM code)
J 1028  java.lang.ClassLoader.defineClass1(Ljava/lang/String;[BIILjava/security/ProtectionDomain;Ljava/lang/String;)Ljava/lang/Class; (0 bytes) @ 0x00000001134e2f91 [0x00000001134e2f00+0x91]
J 6146 C1 java.lang.ClassLoader.defineClass(Ljava/lang/String;[BIILjava/security/ProtectionDomain;)Ljava/lang/Class; (43 bytes) @ 0x0000000113ae58d4 [0x0000000113ae5780+0x154]
J 7879 C2 java.net.URLClassLoader$1.run()Ljava/lang/Object; (5 bytes) @ 0x000000011499eef0 [0x000000011499b5c0+0x3930]
v  ~StubRoutines::call_stub
J 170  java.security.AccessController.doPrivileged(Ljava/security/PrivilegedExceptionAction;Ljava/security/AccessControlContext;)Ljava/lang/Object; (0 bytes) @ 0x00000001132101e3 [0x0000000113210180+0x63]
J 3146 C2 java.net.URLClassLoader.findClass(Ljava/lang/String;)Ljava/lang/Class; (47 bytes) @ 0x0000000113be98c4 [0x0000000113be9820+0xa4]
J 2222 C1 org.springframework.boot.devtools.restart.classloader.RestartClassLoader.findClass(Ljava/lang/String;)Ljava/lang/Class; (69 bytes) @ 0x000000011388d6b4 [0x000000011388d0e0+0x5d4]
J 6386 C1 org.springframework.boot.devtools.restart.classloader.RestartClassLoader.loadClass(Ljava/lang/String;Z)Ljava/lang/Class; (118 bytes) @ 0x00000001143784f4 [0x00000001143781a0+0x354]
J 2315 C2 java.lang.ClassLoader.loadClass(Ljava/lang/String;)Ljava/lang/Class; (7 bytes) @ 0x00000001138e1264 [0x00000001138e1220+0x44]
v  ~StubRoutines::call_stub
j  com.jerotoma.config.SecurityConfig.configure(Lorg/springframework/security/config/annotation/web/builders/HttpSecurity;)V+18
j  org.springframework.security.config.annotation.web.configuration.WebSecurityConfigurerAdapter.getHttp()Lorg/springframework/security/config/annotation/web/builders/HttpSecurity;+274
j  org.springframework.security.config.annotation.web.configuration.WebSecurityConfigurerAdapter.init(Lorg/springframework/security/config/annotation/web/builders/WebSecurity;)V+1
j  org.springframework.security.config.annotation.web.configuration.WebSecurityConfigurerAdapter.init(Lorg/springframework/security/config/annotation/SecurityBuilder;)V+5
j  com.jerotoma.config.SecurityConfig$$EnhancerBySpringCGLIB$$70692ee.init(Lorg/springframework/security/config/annotation/SecurityBuilder;)V+2
j  org.springframework.security.config.annotation.AbstractConfiguredSecurityBuilder.init()V+33
j  org.springframework.security.config.annotation.AbstractConfiguredSecurityBuilder.doBuild()Ljava/lang/Object;+19
j  org.springframework.security.config.annotation.AbstractSecurityBuilder.build()Ljava/lang/Object;+14
j  org.springframework.security.config.annotation.web.configuration.WebSecurityConfiguration.springSecurityFilterChain()Ljavax/servlet/Filter;+63
j  org.springframework.security.config.annotation.web.configuration.WebSecurityConfiguration$$EnhancerBySpringCGLIB$$f02635a8.CGLIB$springSecurityFilterChain$5()Ljavax/servlet/Filter;+1
j  org.springframework.security.config.annotation.web.configuration.WebSecurityConfiguration$$EnhancerBySpringCGLIB$$f02635a8$$FastClassBySpringCGLIB$$75ee0b52.invoke(ILjava/lang/Object;[Ljava/lang/Object;)Ljava/lang/Object;+183
J 8166 C1 org.springframework.context.annotation.ConfigurationClassEnhancer$BeanMethodInterceptor.intercept(Ljava/lang/Object;Ljava/lang/reflect/Method;[Ljava/lang/Object;Lorg/springframework/cglib/proxy/MethodProxy;)Ljava/lang/Object; (222 bytes) @ 0x0000000114971f44 [0x00000001149712e0+0xc64]
j  org.springframework.security.config.annotation.web.configuration.WebSecurityConfiguration$$EnhancerBySpringCGLIB$$f02635a8.springSecurityFilterChain()Ljavax/servlet/Filter;+31
v  ~StubRoutines::call_stub
J 2355  sun.reflect.NativeMethodAccessorImpl.invoke0(Ljava/lang/reflect/Method;Ljava/lang/Object;[Ljava/lang/Object;)Ljava/lang/Object; (0 bytes) @ 0x0000000113929837 [0x00000001139297c0+0x77]
J 2354 C1 sun.reflect.NativeMethodAccessorImpl.invoke(Ljava/lang/Object;[Ljava/lang/Object;)Ljava/lang/Object; (104 bytes) @ 0x0000000113942e6c [0x0000000113941c80+0x11ec]
J 6622 C2 java.lang.reflect.Method.invoke(Ljava/lang/Object;[Ljava/lang/Object;)Ljava/lang/Object; (62 bytes) @ 0x000000011435608c [0x0000000114355fa0+0xec]
J 8170 C1 org.springframework.beans.factory.support.SimpleInstantiationStrategy.instantiate(Lorg/springframework/beans/factory/support/RootBeanDefinition;Ljava/lang/String;Lorg/springframework/beans/factory/BeanFactory;Ljava/lang/Object;Ljava/lang/reflect/Method;[Ljava/lang/Object;)Ljava/lang/Object; (330 bytes) @ 0x0000000114997234 [0x0000000114997000+0x234]
J 8185 C1 org.springframework.beans.factory.support.ConstructorResolver.instantiate(Ljava/lang/String;Lorg/springframework/beans/factory/support/RootBeanDefinition;Ljava/lang/Object;Ljava/lang/reflect/Method;[Ljava/lang/Object;)Ljava/lang/Object; (74 bytes) @ 0x00000001135be184 [0x00000001135bdfe0+0x1a4]
j  org.springframework.beans.factory.support.ConstructorResolver.instantiateUsingFactoryMethod(Ljava/lang/String;Lorg/springframework/beans/factory/support/RootBeanDefinition;[Ljava/lang/Object;)Lorg/springframework/beans/BeanWrapper;+441
J 8182 C1 org.springframework.beans.factory.support.AbstractAutowireCapableBeanFactory.createBeanInstance(Ljava/lang/String;Lorg/springframework/beans/factory/support/RootBeanDefinition;[Ljava/lang/Object;)Lorg/springframework/beans/BeanWrapper; (254 bytes) @ 0x0000000114995ae4 [0x0000000114995100+0x9e4]
J 5947 C1 org.springframework.beans.factory.support.AbstractAutowireCapableBeanFactory.doCreateBean(Ljava/lang/String;Lorg/springframework/beans/factory/support/RootBeanDefinition;[Ljava/lang/Object;)Ljava/lang/Object; (516 bytes) @ 0x00000001138a4b4c [0x00000001138a4500+0x64c]
J 5610 C1 org.springframework.beans.factory.support.AbstractAutowireCapableBeanFactory.createBean(Ljava/lang/String;Lorg/springframework/beans/factory/support/RootBeanDefinition;[Ljava/lang/Object;)Ljava/lang/Object; (254 bytes) @ 0x00000001143ec7cc [0x00000001143eb2e0+0x14ec]
J 5615 C1 org.springframework.beans.factory.support.AbstractBeanFactory$$Lambda$111.getObject()Ljava/lang/Object; (20 bytes) @ 0x00000001143fb1ac [0x00000001143fb020+0x18c]
J 5626 C1 org.springframework.beans.factory.support.DefaultSingletonBeanRegistry.getSingleton(Ljava/lang/String;Lorg/springframework/beans/factory/ObjectFactory;)Ljava/lang/Object; (297 bytes) @ 0x0000000114405024 [0x00000001144040a0+0xf84]
J 2961 C1 org.springframework.beans.factory.support.AbstractBeanFactory.doGetBean(Ljava/lang/String;Ljava/lang/Class;[Ljava/lang/Object;Z)Ljava/lang/Object; (839 bytes) @ 0x0000000113b48774 [0x0000000113b48100+0x674]
J 2961 C1 org.springframework.beans.factory.support.AbstractBeanFactory.doGetBean(Ljava/lang/String;Ljava/lang/Class;[Ljava/lang/Object;Z)Ljava/lang/Object; (839 bytes) @ 0x0000000113b485ec [0x0000000113b48100+0x4ec]
J 5475 C1 org.springframework.beans.factory.support.AbstractBeanFactory.getBean(Ljava/lang/String;)Ljava/lang/Object; (9 bytes) @ 0x000000011432ddac [0x000000011432dc80+0x12c]
j  org.springframework.beans.factory.support.DefaultListableBeanFactory.preInstantiateSingletons()V+250
j  org.springframework.context.support.AbstractApplicationContext.finishBeanFactoryInitialization(Lorg/springframework/beans/factory/config/ConfigurableListableBeanFactory;)V+130
j  org.springframework.context.support.AbstractApplicationContext.refresh()V+54
j  org.springframework.boot.web.servlet.context.ServletWebServerApplicationContext.refresh()V+1
j  org.springframework.boot.SpringApplication.refresh(Lorg/springframework/context/ApplicationContext;)V+11
j  org.springframework.boot.SpringApplication.refreshContext(Lorg/springframework/context/ConfigurableApplicationContext;)V+2
j  org.springframework.boot.SpringApplication.run([Ljava/lang/String;)Lorg/springframework/context/ConfigurableApplicationContext;+118
j  org.springframework.boot.SpringApplication.run([Ljava/lang/Class;[Ljava/lang/String;)Lorg/springframework/context/ConfigurableApplicationContext;+9
j  org.springframework.boot.SpringApplication.run(Ljava/lang/Class;[Ljava/lang/String;)Lorg/springframework/context/ConfigurableApplicationContext;+9
j  com.jerotoma.PMSApplication.main([Ljava/lang/String;)V+3
v  ~StubRoutines::call_stub
J 2355  sun.reflect.NativeMethodAccessorImpl.invoke0(Ljava/lang/reflect/Method;Ljava/lang/Object;[Ljava/lang/Object;)Ljava/lang/Object; (0 bytes) @ 0x0000000113929837 [0x00000001139297c0+0x77]
J 2354 C1 sun.reflect.NativeMethodAccessorImpl.invoke(Ljava/lang/Object;[Ljava/lang/Object;)Ljava/lang/Object; (104 bytes) @ 0x0000000113942e6c [0x0000000113941c80+0x11ec]
J 6622 C2 java.lang.reflect.Method.invoke(Ljava/lang/Object;[Ljava/lang/Object;)Ljava/lang/Object; (62 bytes) @ 0x000000011435608c [0x0000000114355fa0+0xec]
j  org.springframework.boot.devtools.restart.RestartLauncher.run()V+41
v  ~StubRoutines::call_stub

---------------  P R O C E S S  ---------------

Java Threads: ( => current thread )
  0x00007ff7ccbbf000 JavaThread "SimplePauseDetectorThread_0" daemon [_thread_blocked, id=24327, stack(0x00007000054f0000,0x00007000055f0000)]
  0x00007ff7ce665000 JavaThread "Thread-19" daemon [_thread_blocked, id=30215, stack(0x00007000053ed000,0x00007000054ed000)]
  0x00007ff7dae99800 JavaThread "container-0" [_thread_blocked, id=30471, stack(0x00007000052ea000,0x00007000053ea000)]
  0x00007ff7d57ef800 JavaThread "Catalina-utility-2" [_thread_blocked, id=31495, stack(0x00007000051e7000,0x00007000052e7000)]
  0x00007ff7cd936800 JavaThread "Catalina-utility-1" [_thread_blocked, id=31751, stack(0x00007000050e4000,0x00007000051e4000)]
  0x00007ff7d532a000 JavaThread "HikariPool-2 connection adder" daemon [_thread_blocked, id=27399, stack(0x0000700004fe1000,0x00007000050e1000)]
  0x00007ff7dae96800 JavaThread "I/O dispatcher 16" [_thread_in_native, id=28935, stack(0x0000700004ede000,0x0000700004fde000)]
  0x00007ff7d93c5000 JavaThread "I/O dispatcher 15" [_thread_in_native, id=33287, stack(0x0000700004ddb000,0x0000700004edb000)]
  0x00007ff7d93c4000 JavaThread "I/O dispatcher 14" [_thread_in_native, id=28423, stack(0x0000700004cd8000,0x0000700004dd8000)]
  0x00007ff7d4b17000 JavaThread "I/O dispatcher 13" [_thread_in_native, id=28167, stack(0x0000700004bd5000,0x0000700004cd5000)]
  0x00007ff7cf39a800 JavaThread "I/O dispatcher 12" [_thread_in_native, id=33031, stack(0x0000700004ad2000,0x0000700004bd2000)]
  0x00007ff7cd87e800 JavaThread "I/O dispatcher 11" [_thread_in_native, id=31239, stack(0x00007000049cf000,0x0000700004acf000)]
  0x00007ff7d36d4000 JavaThread "I/O dispatcher 10" [_thread_in_native, id=32263, stack(0x00007000048cc000,0x00007000049cc000)]
  0x00007ff7ce1ad800 JavaThread "I/O dispatcher 9" [_thread_in_native, id=26887, stack(0x00007000047c9000,0x00007000048c9000)]
  0x00007ff7cc183800 JavaThread "pool-2-thread-1" [_thread_in_native, id=34311, stack(0x00007000046c6000,0x00007000047c6000)]
  0x00007ff7cf947000 JavaThread "HikariPool-2 housekeeper" daemon [_thread_blocked, id=26375, stack(0x00007000045c3000,0x00007000046c3000)]
  0x00007ff7cc12f000 JavaThread "PostgreSQL-JDBC-SharedTimer-2" daemon [_thread_blocked, id=34827, stack(0x00007000044c0000,0x00007000045c0000)]
=>0x00007ff7cc04a800 JavaThread "restartedMain" [_thread_in_vm, id=43531, stack(0x0000700003ca8000,0x0000700003da8000)]
  0x00007ff7d4b16800 JavaThread "Thread-10" [_thread_blocked, id=22279, stack(0x0000700003ba5000,0x0000700003ca5000)]
  0x00007ff7cc001800 JavaThread "DestroyJavaVM" [_thread_blocked, id=9731, stack(0x0000700002563000,0x0000700002663000)]
  0x00007ff7d33b0000 JavaThread "Live Reload Server" daemon [_thread_in_native, id=33799, stack(0x00007000055f3000,0x00007000056f3000)]
  0x00007ff7d4e5c800 JavaThread "JMX server connection timeout 25" daemon [_thread_blocked, id=23811, stack(0x00007000043bd000,0x00007000044bd000)]
  0x00007ff7d4e55800 JavaThread "RMI TCP Connection(2)-192.168.0.10" daemon [_thread_in_native, id=23051, stack(0x0000700003dab000,0x0000700003eab000)]
  0x00007ff7d0a94800 JavaThread "JMX server connection timeout 22" daemon [_thread_blocked, id=39939, stack(0x00007000042ba000,0x00007000043ba000)]
  0x00007ff7cf2bd000 JavaThread "RMI Scheduler(0)" daemon [_thread_blocked, id=40451, stack(0x00007000041b7000,0x00007000042b7000)]
  0x00007ff7cc985000 JavaThread "RMI TCP Connection(1)-192.168.0.10" daemon [_thread_in_native, id=40963, stack(0x00007000040b4000,0x00007000041b4000)]
  0x00007ff7ce0e6000 JavaThread "RMI TCP Accept-0" daemon [_thread_in_native, id=23299, stack(0x0000700003fb1000,0x00007000040b1000)]
  0x00007ff7cf5de800 JavaThread "Attach Listener" daemon [_thread_blocked, id=41731, stack(0x0000700003eae000,0x0000700003fae000)]
  0x00007ff7cf906800 JavaThread "Service Thread" daemon [_thread_blocked, id=22019, stack(0x000070000399f000,0x0000700003a9f000)]
  0x00007ff7cdaf0800 JavaThread "C1 CompilerThread3" daemon [_thread_blocked, id=21763, stack(0x000070000389c000,0x000070000399c000)]
  0x00007ff7cdaf0000 JavaThread "C2 CompilerThread2" daemon [_thread_in_native, id=15363, stack(0x0000700003799000,0x0000700003899000)]
  0x00007ff7cf902000 JavaThread "C2 CompilerThread1" daemon [_thread_in_native, id=15875, stack(0x0000700003696000,0x0000700003796000)]
  0x00007ff7cc620000 JavaThread "C2 CompilerThread0" daemon [_thread_in_native, id=16131, stack(0x0000700003593000,0x0000700003693000)]
  0x00007ff7cd815000 JavaThread "JDWP Command Reader" daemon [_thread_in_native, id=16387, stack(0x0000700003490000,0x0000700003590000)]
  0x00007ff7ce00b800 JavaThread "JDWP Event Helper Thread" daemon [_thread_blocked, id=16643, stack(0x000070000338d000,0x000070000348d000)]
  0x00007ff7ce004800 JavaThread "JDWP Transport Listener: dt_socket" daemon [_thread_blocked, id=17159, stack(0x000070000328a000,0x000070000338a000)]
  0x00007ff7cc000800 JavaThread "Signal Dispatcher" daemon [_thread_blocked, id=17667, stack(0x0000700003187000,0x0000700003287000)]
  0x00007ff7cf820000 JavaThread "Finalizer" daemon [_thread_blocked, id=19459, stack(0x0000700003084000,0x0000700003184000)]
  0x00007ff7cd80d800 JavaThread "Reference Handler" daemon [_thread_blocked, id=19971, stack(0x0000700002f81000,0x0000700003081000)]

Other Threads:
  0x00007ff7cc026800 VMThread [stack: 0x0000700002e7e000,0x0000700002f7e000] [id=20227]
  0x00007ff7cc61f800 WatcherThread [stack: 0x0000700003aa2000,0x0000700003ba2000] [id=42755]

VM state:not at safepoint (normal execution)

VM Mutex/Monitor currently owned by a thread: None

heap address: 0x00000006c0000000, size: 4096 MB, Compressed Oops mode: Zero based, Oop shift amount: 3
Narrow klass base: 0x0000000000000000, Narrow klass shift: 3
Compressed class space size: 1073741824 Address: 0x00000007c0000000

Heap:
 PSYoungGen      total 879616K, used 393128K [0x000000076ab00000, 0x00000007a1d00000, 0x00000007c0000000)
  eden space 856064K, 45% used [0x000000076ab00000,0x0000000782aea188,0x000000079ef00000)
  from space 23552K, 0% used [0x00000007a0600000,0x00000007a0600000,0x00000007a1d00000)
  to   space 23552K, 0% used [0x000000079ef00000,0x000000079ef00000,0x00000007a0600000)
 ParOldGen       total 186368K, used 32257K [0x00000006c0000000, 0x00000006cb600000, 0x000000076ab00000)
  object space 186368K, 17% used [0x00000006c0000000,0x00000006c1f806e0,0x00000006cb600000)
 Metaspace       used 69849K, capacity 73470K, committed 73728K, reserved 1114112K
  class space    used 9359K, capacity 9979K, committed 9984K, reserved 1048576K

Card table byte_map: [0x000000010da35000,0x000000010e236000] byte_map_base: 0x000000010a435000

Marking Bits: (ParMarkBitMap*) 0x000000010cefbe40
 Begin Bits: [0x00000001220a9000, 0x00000001260a9000)
 End Bits:   [0x00000001260a9000, 0x000000012a0a9000)

Polling page: 0x000000010b5b8000

CodeCache: size=245760Kb used=26560Kb max_used=26633Kb free=219199Kb
 bounds [0x00000001130a9000, 0x0000000114ac9000, 0x00000001220a9000]
 total_blobs=7367 nmethods=6835 adapters=452
 compilation: enabled

Compilation events (10 events):
Event: 373.338 Thread 0x00007ff7cdaf0800 8438       1       org.springframework.beans.PropertyValue::getName (5 bytes)
Event: 373.339 Thread 0x00007ff7cdaf0800 nmethod 8438 0x0000000114a7fad0 code [0x0000000114a7fc20, 0x0000000114a7fd30]
Event: 373.361 Thread 0x00007ff7cdaf0800 8440       1       org.springframework.beans.factory.support.DefaultListableBeanFactory::getDependencyComparator (5 bytes)
Event: 373.361 Thread 0x00007ff7cc620000 nmethod 7843 0x0000000114a93510 code [0x0000000114a94940, 0x0000000114aa6cb8]
Event: 373.361 Thread 0x00007ff7cdaf0800 nmethod 8440 0x0000000114a93250 code [0x0000000114a933a0, 0x0000000114a934b0]
Event: 373.361 Thread 0x00007ff7cc620000 8394       4       org.springframework.core.annotation.AnnotationUtils::postProcessAnnotationAttributes (163 bytes)
Event: 373.367 Thread 0x00007ff7cdaf0800 8441   !   2       org.springframework.core.annotation.AnnotationUtils::getAnnotation (86 bytes)
Event: 373.368 Thread 0x00007ff7cdaf0800 nmethod 8441 0x0000000114a92610 code [0x0000000114a92800, 0x0000000114a92cb8]
Event: 373.375 Thread 0x00007ff7cdaf0800 8442       1       org.springframework.beans.PropertyEditorRegistrySupport::setConversionService (6 bytes)
Event: 373.375 Thread 0x00007ff7cdaf0800 nmethod 8442 0x0000000114a92310 code [0x0000000114a92460, 0x0000000114a92590]

GC Heap History (10 events):
Event: 7.887 GC heap before
{Heap before GC invocations=14 (full 3):
 PSYoungGen      total 474112K, used 605K [0x000000076ab00000, 0x0000000795c80000, 0x00000007c0000000)
  eden space 452096K, 0% used [0x000000076ab00000,0x000000076ab00000,0x0000000786480000)
  from space 22016K, 2% used [0x0000000786480000,0x0000000786517630,0x0000000787a00000)
  to   space 22528K, 0% used [0x0000000794680000,0x0000000794680000,0x0000000795c80000)
 ParOldGen       total 144384K, used 48615K [0x00000006c0000000, 0x00000006c8d00000, 0x000000076ab00000)
  object space 144384K, 33% used [0x00000006c0000000,0x00000006c2f79e58,0x00000006c8d00000)
 Metaspace       used 56960K, capacity 58934K, committed 59028K, reserved 1099776K
  class space    used 7528K, capacity 7908K, committed 7936K, reserved 1048576K
Event: 7.999 GC heap after
Heap after GC invocations=14 (full 3):
 PSYoungGen      total 474112K, used 0K [0x000000076ab00000, 0x0000000795c80000, 0x00000007c0000000)
  eden space 452096K, 0% used [0x000000076ab00000,0x000000076ab00000,0x0000000786480000)
  from space 22016K, 0% used [0x0000000786480000,0x0000000786480000,0x0000000787a00000)
  to   space 22528K, 0% used [0x0000000794680000,0x0000000794680000,0x0000000795c80000)
 ParOldGen       total 186368K, used 30109K [0x00000006c0000000, 0x00000006cb600000, 0x000000076ab00000)
  object space 186368K, 16% used [0x00000006c0000000,0x00000006c1d67410,0x00000006cb600000)
 Metaspace       used 56960K, capacity 58934K, committed 59028K, reserved 1099776K
  class space    used 7528K, capacity 7908K, committed 7936K, reserved 1048576K
}
Event: 58.874 GC heap before
{Heap before GC invocations=15 (full 3):
 PSYoungGen      total 474112K, used 452096K [0x000000076ab00000, 0x0000000795c80000, 0x00000007c0000000)
  eden space 452096K, 100% used [0x000000076ab00000,0x0000000786480000,0x0000000786480000)
  from space 22016K, 0% used [0x0000000786480000,0x0000000786480000,0x0000000787a00000)
  to   space 22528K, 0% used [0x0000000794680000,0x0000000794680000,0x0000000795c80000)
 ParOldGen       total 186368K, used 30109K [0x00000006c0000000, 0x00000006cb600000, 0x000000076ab00000)
  object space 186368K, 16% used [0x00000006c0000000,0x00000006c1d67410,0x00000006cb600000)
 Metaspace       used 66885K, capacity 69932K, committed 70016K, reserved 1110016K
  class space    used 9055K, capacity 9593K, committed 9600K, reserved 1048576K
Event: 58.889 GC heap after
Heap after GC invocations=15 (full 3):
 PSYoungGen      total 647168K, used 15621K [0x000000076ab00000, 0x0000000795600000, 0x00000007c0000000)
  eden space 631296K, 0% used [0x000000076ab00000,0x000000076ab00000,0x0000000791380000)
  from space 15872K, 98% used [0x0000000794680000,0x00000007955c14f8,0x0000000795600000)
  to   space 23552K, 0% used [0x0000000792800000,0x0000000792800000,0x0000000793f00000)
 ParOldGen       total 186368K, used 30117K [0x00000006c0000000, 0x00000006cb600000, 0x000000076ab00000)
  object space 186368K, 16% used [0x00000006c0000000,0x00000006c1d69410,0x00000006cb600000)
 Metaspace       used 66885K, capacity 69932K, committed 70016K, reserved 1110016K
  class space    used 9055K, capacity 9593K, committed 9600K, reserved 1048576K
}
Event: 250.046 GC heap before
{Heap before GC invocations=16 (full 3):
 PSYoungGen      total 647168K, used 646917K [0x000000076ab00000, 0x0000000795600000, 0x00000007c0000000)
  eden space 631296K, 100% used [0x000000076ab00000,0x0000000791380000,0x0000000791380000)
  from space 15872K, 98% used [0x0000000794680000,0x00000007955c14f8,0x0000000795600000)
  to   space 23552K, 0% used [0x0000000792800000,0x0000000792800000,0x0000000793f00000)
 ParOldGen       total 186368K, used 30117K [0x00000006c0000000, 0x00000006cb600000, 0x000000076ab00000)
  object space 186368K, 16% used [0x00000006c0000000,0x00000006c1d69410,0x00000006cb600000)
 Metaspace       used 68809K, capacity 72130K, committed 72320K, reserved 1112064K
  class space    used 9270K, capacity 9846K, committed 9856K, reserved 1048576K
Event: 250.053 GC heap after
Heap after GC invocations=16 (full 3):
 PSYoungGen      total 675840K, used 1777K [0x000000076ab00000, 0x00000007a1d00000, 0x00000007c0000000)
  eden space 652288K, 0% used [0x000000076ab00000,0x000000076ab00000,0x0000000792800000)
  from space 23552K, 7% used [0x0000000792800000,0x00000007929bc720,0x0000000793f00000)
  to   space 23552K, 0% used [0x00000007a0600000,0x00000007a0600000,0x00000007a1d00000)
 ParOldGen       total 186368K, used 37889K [0x00000006c0000000, 0x00000006cb600000, 0x000000076ab00000)
  object space 186368K, 20% used [0x00000006c0000000,0x00000006c2500490,0x00000006cb600000)
 Metaspace       used 68809K, capacity 72130K, committed 72320K, reserved 1112064K
  class space    used 9270K, capacity 9846K, committed 9856K, reserved 1048576K
}
Event: 370.988 GC heap before
{Heap before GC invocations=17 (full 3):
 PSYoungGen      total 675840K, used 413002K [0x000000076ab00000, 0x00000007a1d00000, 0x00000007c0000000)
  eden space 652288K, 63% used [0x000000076ab00000,0x0000000783c96490,0x0000000792800000)
  from space 23552K, 7% used [0x0000000792800000,0x00000007929bc720,0x0000000793f00000)
  to   space 23552K, 0% used [0x00000007a0600000,0x00000007a0600000,0x00000007a1d00000)
 ParOldGen       total 186368K, used 37889K [0x00000006c0000000, 0x00000006cb600000, 0x000000076ab00000)
  object space 186368K, 20% used [0x00000006c0000000,0x00000006c2500490,0x00000006cb600000)
 Metaspace       used 69041K, capacity 72400K, committed 72704K, reserved 1112064K
  class space    used 9296K, capacity 9876K, committed 9984K, reserved 1048576K
Event: 370.992 GC heap after
Heap after GC invocations=17 (full 3):
 PSYoungGen      total 879616K, used 448K [0x000000076ab00000, 0x00000007a1d00000, 0x00000007c0000000)
  eden space 856064K, 0% used [0x000000076ab00000,0x000000076ab00000,0x000000079ef00000)
  from space 23552K, 1% used [0x00000007a0600000,0x00000007a0670000,0x00000007a1d00000)
  to   space 23552K, 0% used [0x000000079ef00000,0x000000079ef00000,0x00000007a0600000)
 ParOldGen       total 186368K, used 38361K [0x00000006c0000000, 0x00000006cb600000, 0x000000076ab00000)
  object space 186368K, 20% used [0x00000006c0000000,0x00000006c2576490,0x00000006cb600000)
 Metaspace       used 69041K, capacity 72400K, committed 72704K, reserved 1112064K
  class space    used 9296K, capacity 9876K, committed 9984K, reserved 1048576K
}
Event: 370.992 GC heap before
{Heap before GC invocations=18 (full 4):
 PSYoungGen      total 879616K, used 448K [0x000000076ab00000, 0x00000007a1d00000, 0x00000007c0000000)
  eden space 856064K, 0% used [0x000000076ab00000,0x000000076ab00000,0x000000079ef00000)
  from space 23552K, 1% used [0x00000007a0600000,0x00000007a0670000,0x00000007a1d00000)
  to   space 23552K, 0% used [0x000000079ef00000,0x000000079ef00000,0x00000007a0600000)
 ParOldGen       total 186368K, used 38361K [0x00000006c0000000, 0x00000006cb600000, 0x000000076ab00000)
  object space 186368K, 20% used [0x00000006c0000000,0x00000006c2576490,0x00000006cb600000)
 Metaspace       used 69041K, capacity 72400K, committed 72704K, reserved 1112064K
  class space    used 9296K, capacity 9876K, committed 9984K, reserved 1048576K
Event: 371.162 GC heap after
Heap after GC invocations=18 (full 4):
 PSYoungGen      total 879616K, used 0K [0x000000076ab00000, 0x00000007a1d00000, 0x00000007c0000000)
  eden space 856064K, 0% used [0x000000076ab00000,0x000000076ab00000,0x000000079ef00000)
  from space 23552K, 0% used [0x00000007a0600000,0x00000007a0600000,0x00000007a1d00000)
  to   space 23552K, 0% used [0x000000079ef00000,0x000000079ef00000,0x00000007a0600000)
 ParOldGen       total 186368K, used 32257K [0x00000006c0000000, 0x00000006cb600000, 0x000000076ab00000)
  object space 186368K, 17% used [0x00000006c0000000,0x00000006c1f806e0,0x00000006cb600000)
 Metaspace       used 69021K, capacity 72358K, committed 72704K, reserved 1112064K
  class space    used 9293K, capacity 9869K, committed 9984K, reserved 1048576K
}

Deoptimization events (10 events):
Event: 373.357 Thread 0x00007ff7cc04a800 Uncommon trap: reason=unhandled action=none pc=0x00000001145cedc0 method=java.lang.Class.getMethod(Ljava/lang/String;[Ljava/lang/Class;)Ljava/lang/reflect/Method; @ 61
Event: 373.358 Thread 0x00007ff7cc04a800 Uncommon trap: reason=unhandled action=none pc=0x00000001145cedc0 method=java.lang.Class.getMethod(Ljava/lang/String;[Ljava/lang/Class;)Ljava/lang/reflect/Method; @ 61
Event: 373.361 Thread 0x00007ff7cc04a800 Uncommon trap: reason=unhandled action=none pc=0x00000001145cedc0 method=java.lang.Class.getMethod(Ljava/lang/String;[Ljava/lang/Class;)Ljava/lang/reflect/Method; @ 61
Event: 373.362 Thread 0x00007ff7cc04a800 Uncommon trap: reason=unhandled action=none pc=0x00000001145cedc0 method=java.lang.Class.getMethod(Ljava/lang/String;[Ljava/lang/Class;)Ljava/lang/reflect/Method; @ 61
Event: 373.364 Thread 0x00007ff7cc04a800 Uncommon trap: reason=unhandled action=none pc=0x00000001145cedc0 method=java.lang.Class.getMethod(Ljava/lang/String;[Ljava/lang/Class;)Ljava/lang/reflect/Method; @ 61
Event: 373.367 Thread 0x00007ff7cc04a800 Uncommon trap: reason=range_check action=none pc=0x00000001134544ac method=sun.reflect.generics.parser.SignatureParser.current()C @ 34
Event: 373.371 Thread 0x00007ff7cc04a800 Uncommon trap: reason=range_check action=none pc=0x00000001134544ac method=sun.reflect.generics.parser.SignatureParser.current()C @ 34
Event: 373.371 Thread 0x00007ff7cc04a800 Uncommon trap: reason=unhandled action=none pc=0x0000000113d430d4 method=java.lang.Class.getConstructor0([Ljava/lang/Class;I)Ljava/lang/reflect/Constructor; @ 102
Event: 373.375 Thread 0x00007ff7cc04a800 Uncommon trap: reason=unhandled action=none pc=0x00000001145cedc0 method=java.lang.Class.getMethod(Ljava/lang/String;[Ljava/lang/Class;)Ljava/lang/reflect/Method; @ 61
Event: 373.377 Thread 0x00007ff7cc04a800 Uncommon trap: reason=unhandled action=none pc=0x0000000113be999c method=java.net.URLClassLoader.findClass(Ljava/lang/String;)Ljava/lang/Class; @ 44

Classes redefined (0 events):
No events

Internal exceptions (10 events):
Event: 373.327 Thread 0x00007ff7cc04a800 Exception <a 'java/lang/ArrayIndexOutOfBoundsException': 178> (0x0000000782269910) thrown at [/Users/java_re/workspace/8-2-build-macosx-x86_64/jdk8u201/12322/hotspot/src/share/vm/interpreter/interpreterRuntime.cpp, line 368]
Event: 373.327 Thread 0x00007ff7cc04a800 Exception <a 'java/lang/ArrayIndexOutOfBoundsException': 214> (0x00000007822719b0) thrown at [/Users/java_re/workspace/8-2-build-macosx-x86_64/jdk8u201/12322/hotspot/src/share/vm/interpreter/interpreterRuntime.cpp, line 368]
Event: 373.327 Thread 0x00007ff7cc04a800 Exception <a 'java/lang/ArrayIndexOutOfBoundsException': 196> (0x00000007822767a8) thrown at [/Users/java_re/workspace/8-2-build-macosx-x86_64/jdk8u201/12322/hotspot/src/share/vm/interpreter/interpreterRuntime.cpp, line 368]
Event: 373.341 Thread 0x00007ff7cc04a800 Exception <a 'java/lang/ArrayIndexOutOfBoundsException': 45> (0x00000007824d7810) thrown at [/Users/java_re/workspace/8-2-build-macosx-x86_64/jdk8u201/12322/hotspot/src/share/vm/interpreter/interpreterRuntime.cpp, line 368]
Event: 373.345 Thread 0x00007ff7cc04a800 Exception <a 'java/lang/ArrayIndexOutOfBoundsException': 49> (0x00000007825d5418) thrown at [/Users/java_re/workspace/8-2-build-macosx-x86_64/jdk8u201/12322/hotspot/src/share/vm/interpreter/interpreterRuntime.cpp, line 368]
Event: 373.348 Thread 0x00007ff7cc04a800 Exception <a 'java/lang/ArrayIndexOutOfBoundsException': 143> (0x00000007826523d0) thrown at [/Users/java_re/workspace/8-2-build-macosx-x86_64/jdk8u201/12322/hotspot/src/share/vm/interpreter/interpreterRuntime.cpp, line 368]
Event: 373.350 Thread 0x00007ff7cc04a800 Exception <a 'java/lang/ArrayIndexOutOfBoundsException': 60> (0x000000078265e698) thrown at [/Users/java_re/workspace/8-2-build-macosx-x86_64/jdk8u201/12322/hotspot/src/share/vm/interpreter/interpreterRuntime.cpp, line 368]
Event: 373.352 Thread 0x00007ff7cc04a800 Exception <a 'java/lang/ArrayIndexOutOfBoundsException': 78> (0x00000007827e9088) thrown at [/Users/java_re/workspace/8-2-build-macosx-x86_64/jdk8u201/12322/hotspot/src/share/vm/interpreter/interpreterRuntime.cpp, line 368]
Event: 373.367 Thread 0x00007ff7cc04a800 Exception <a 'java/lang/ArrayIndexOutOfBoundsException': 273> (0x000000078299e850) thrown at [/Users/java_re/workspace/8-2-build-macosx-x86_64/jdk8u201/12322/hotspot/src/share/vm/interpreter/interpreterRuntime.cpp, line 368]
Event: 373.371 Thread 0x00007ff7cc04a800 Exception <a 'java/lang/ArrayIndexOutOfBoundsException': 184> (0x00000007829d6920) thrown at [/Users/java_re/workspace/8-2-build-macosx-x86_64/jdk8u201/12322/hotspot/src/share/vm/interpreter/interpreterRuntime.cpp, line 368]

Events (10 events):
Event: 373.375 Thread 0x00007ff7cc04a800 Uncommon trap: trap_request=0xffffffa7 fr.pc=0x00000001145cedc0
Event: 373.375 Thread 0x00007ff7cc04a800 DEOPT PACKING pc=0x00000001145cedc0 sp=0x0000700003da5850
Event: 373.375 Thread 0x00007ff7cc04a800 DEOPT UNPACKING pc=0x00000001130ee73a sp=0x0000700003da58f0 mode 2
Event: 373.377 Thread 0x00007ff7cc04a800 Uncommon trap: trap_request=0xffffffa7 fr.pc=0x0000000113be999c
Event: 373.377 Thread 0x00007ff7cc04a800 DEOPT PACKING pc=0x0000000113be999c sp=0x0000700003da36f0
Event: 373.377 Thread 0x00007ff7cc04a800 DEOPT UNPACKING pc=0x00000001130ee73a sp=0x0000700003da36a8 mode 2
Event: 373.377 Thread 0x00007ff7cc04a800 DEOPT PACKING pc=0x000000011388d6b4 sp=0x0000700003da3730
Event: 373.377 Thread 0x00007ff7cc04a800 DEOPT UNPACKING pc=0x00000001130f0784 sp=0x0000700003da3480 mode 1
Event: 373.377 Thread 0x00007ff7cc04a800 DEOPT PACKING pc=0x00000001143784f4 sp=0x0000700003da3790
Event: 373.377 Thread 0x00007ff7cc04a800 DEOPT UNPACKING pc=0x00000001130f0784 sp=0x0000700003da3578 mode 1


Dynamic libraries:
0x00007fff39090000 	/System/Library/Frameworks/Cocoa.framework/Versions/A/Cocoa
0x00007fff44da8000 	/System/Library/Frameworks/Security.framework/Versions/A/Security
0x00007fff37d25000 	/System/Library/Frameworks/ApplicationServices.framework/Versions/A/ApplicationServices
0x00007fff64e6e000 	/usr/lib/libz.1.dylib
0x00007fff627c8000 	/usr/lib/libSystem.B.dylib
0x00007fff63fff000 	/usr/lib/libobjc.A.dylib
0x00007fff39878000 	/System/Library/Frameworks/CoreFoundation.framework/Versions/A/CoreFoundation
0x00007fff3bafa000 	/System/Library/Frameworks/Foundation.framework/Versions/C/Foundation
0x00007fff36f1e000 	/System/Library/Frameworks/AppKit.framework/Versions/C/AppKit
0x00007fff3940b000 	/System/Library/Frameworks/CoreData.framework/Versions/A/CoreData
0x00007fff5c29b000 	/System/Library/PrivateFrameworks/RemoteViewServices.framework/Versions/A/RemoteViewServices
0x00007fff60508000 	/System/Library/PrivateFrameworks/UIFoundation.framework/Versions/A/UIFoundation
0x00007fff61bea000 	/System/Library/PrivateFrameworks/XCTTargetBootstrap.framework/Versions/A/XCTTargetBootstrap
0x00007fff39790000 	/System/Library/Frameworks/CoreDisplay.framework/Versions/A/CoreDisplay
0x00007fff56fee000 	/System/Library/PrivateFrameworks/IconServices.framework/Versions/A/IconServices
0x00007fff3e41e000 	/System/Library/Frameworks/Metal.framework/Versions/A/Metal
0x00007fff4e569000 	/System/Library/PrivateFrameworks/DesktopServicesPriv.framework/Versions/A/DesktopServicesPriv
0x00007fff63362000 	/usr/lib/libenergytrace.dylib
0x00007fff5e9f1000 	/System/Library/PrivateFrameworks/SkyLight.framework/Versions/A/SkyLight
0x00007fff39cbe000 	/System/Library/Frameworks/CoreGraphics.framework/Versions/A/CoreGraphics
0x00007fff35cea000 	/System/Library/Frameworks/Accelerate.framework/Versions/A/Accelerate
0x00007fff3c242000 	/System/Library/Frameworks/IOSurface.framework/Versions/A/IOSurface
0x00007fff4e3d5000 	/System/Library/PrivateFrameworks/DFRFoundation.framework/Versions/A/DFRFoundation
0x00007fff38208000 	/System/Library/Frameworks/AudioToolbox.framework/Versions/A/AudioToolbox
0x00007fff38481000 	/System/Library/Frameworks/AudioUnit.framework/Versions/A/AudioUnit
0x00007fff4e46a000 	/System/Library/PrivateFrameworks/DataDetectorsCore.framework/Versions/A/DataDetectorsCore
0x00007fff38b94000 	/System/Library/Frameworks/Carbon.framework/Versions/A/Frameworks/HIToolbox.framework/Versions/A/HIToolbox
0x00007fff634bb000 	/usr/lib/libicucore.A.dylib
0x00007fff4431d000 	/System/Library/Frameworks/QuartzCore.framework/Versions/A/QuartzCore
0x00007fff38f68000 	/System/Library/Frameworks/Carbon.framework/Versions/A/Frameworks/SpeechRecognition.framework/Versions/A/SpeechRecognition
0x00007fff6291c000 	/usr/lib/libauto.dylib
0x00007fff64d62000 	/usr/lib/libxml2.2.dylib
0x00007fff4dfb2000 	/System/Library/PrivateFrameworks/CoreUI.framework/Versions/A/CoreUI
0x00007fff392f6000 	/System/Library/Frameworks/CoreAudio.framework/Versions/A/CoreAudio
0x00007fff3b92f000 	/System/Library/Frameworks/DiskArbitration.framework/Versions/A/DiskArbitration
0x00007fff63769000 	/usr/lib/liblangid.dylib
0x00007fff583fc000 	/System/Library/PrivateFrameworks/MultitouchSupport.framework/Versions/A/MultitouchSupport
0x00007fff3c1b1000 	/System/Library/Frameworks/IOKit.framework/Versions/A/IOKit
0x00007fff62389000 	/usr/lib/libDiagnosticMessagesClient.dylib
0x00007fff3aacd000 	/System/Library/Frameworks/CoreServices.framework/Versions/A/CoreServices
0x00007fff5a0a3000 	/System/Library/PrivateFrameworks/PerformanceAnalysis.framework/Versions/A/PerformanceAnalysis
0x00007fff4350b000 	/System/Library/Frameworks/OpenGL.framework/Versions/A/OpenGL
0x00007fff3909e000 	/System/Library/Frameworks/ColorSync.framework/Versions/A/ColorSync
0x00007fff3a34f000 	/System/Library/Frameworks/CoreImage.framework/Versions/A/CoreImage
0x00007fff3b4a6000 	/System/Library/Frameworks/CoreText.framework/Versions/A/CoreText
0x00007fff3c2a5000 	/System/Library/Frameworks/ImageIO.framework/Versions/A/ImageIO
0x00007fff4a607000 	/System/Library/PrivateFrameworks/Backup.framework/Versions/A/Backup
0x00007fff6286f000 	/usr/lib/libarchive.2.dylib
0x00007fff387d9000 	/System/Library/Frameworks/CFNetwork.framework/Versions/A/CFNetwork
0x00007fff45502000 	/System/Library/Frameworks/SystemConfiguration.framework/Versions/A/SystemConfiguration
0x00007fff622ba000 	/usr/lib/libCRFSuite.dylib
0x00007fff62a0b000 	/usr/lib/libc++.1.dylib
0x00007fff62a5f000 	/usr/lib/libc++abi.dylib
0x00007fff65664000 	/usr/lib/system/libcache.dylib
0x00007fff65669000 	/usr/lib/system/libcommonCrypto.dylib
0x00007fff65674000 	/usr/lib/system/libcompiler_rt.dylib
0x00007fff6567c000 	/usr/lib/system/libcopyfile.dylib
0x00007fff65686000 	/usr/lib/system/libcorecrypto.dylib
0x00007fff65791000 	/usr/lib/system/libdispatch.dylib
0x00007fff657cb000 	/usr/lib/system/libdyld.dylib
0x00007fff657f8000 	/usr/lib/system/libkeymgr.dylib
0x00007fff65806000 	/usr/lib/system/liblaunch.dylib
0x00007fff65807000 	/usr/lib/system/libmacho.dylib
0x00007fff6580d000 	/usr/lib/system/libquarantine.dylib
0x00007fff65810000 	/usr/lib/system/libremovefile.dylib
0x00007fff65812000 	/usr/lib/system/libsystem_asl.dylib
0x00007fff6582a000 	/usr/lib/system/libsystem_blocks.dylib
0x00007fff6582b000 	/usr/lib/system/libsystem_c.dylib
0x00007fff658b3000 	/usr/lib/system/libsystem_configuration.dylib
0x00007fff658b7000 	/usr/lib/system/libsystem_coreservices.dylib
0x00007fff658bb000 	/usr/lib/system/libsystem_darwin.dylib
0x00007fff658c2000 	/usr/lib/system/libsystem_dnssd.dylib
0x00007fff658c9000 	/usr/lib/system/libsystem_info.dylib
0x00007fff6593e000 	/usr/lib/system/libsystem_m.dylib
0x00007fff6598a000 	/usr/lib/system/libsystem_malloc.dylib
0x00007fff659b5000 	/usr/lib/system/libsystem_networkextension.dylib
0x00007fff659c0000 	/usr/lib/system/libsystem_notify.dylib
0x00007fff659dd000 	/usr/lib/system/libsystem_sandbox.dylib
0x00007fff659e1000 	/usr/lib/system/libsystem_secinit.dylib
0x00007fff65915000 	/usr/lib/system/libsystem_kernel.dylib
0x00007fff659c8000 	/usr/lib/system/libsystem_platform.dylib
0x00007fff659d2000 	/usr/lib/system/libsystem_pthread.dylib
0x00007fff659e4000 	/usr/lib/system/libsystem_symptoms.dylib
0x00007fff659ec000 	/usr/lib/system/libsystem_trace.dylib
0x00007fff65a03000 	/usr/lib/system/libunwind.dylib
0x00007fff65a09000 	/usr/lib/system/libxpc.dylib
0x00007fff629ec000 	/usr/lib/libbsm.0.dylib
0x00007fff657f9000 	/usr/lib/system/libkxld.dylib
0x00007fff499f8000 	/System/Library/PrivateFrameworks/AppleFSCompression.framework/Versions/A/AppleFSCompression
0x00007fff62688000 	/usr/lib/libOpenScriptingUtil.dylib
0x00007fff62d14000 	/usr/lib/libcoretls.dylib
0x00007fff62d2b000 	/usr/lib/libcoretls_cfhelpers.dylib
0x00007fff64796000 	/usr/lib/libpam.2.dylib
0x00007fff64956000 	/usr/lib/libsqlite3.dylib
0x00007fff64d50000 	/usr/lib/libxar.1.dylib
0x00007fff629fd000 	/usr/lib/libbz2.1.0.dylib
0x00007fff6376b000 	/usr/lib/liblzma.5.dylib
0x00007fff63c1c000 	/usr/lib/libnetwork.dylib
0x00007fff62858000 	/usr/lib/libapple_nghttp2.dylib
0x00007fff6479d000 	/usr/lib/libpcap.A.dylib
0x00007fff3ae6c000 	/System/Library/Frameworks/CoreServices.framework/Versions/A/Frameworks/FSEvents.framework/Versions/A/FSEvents
0x00007fff3ab4b000 	/System/Library/Frameworks/CoreServices.framework/Versions/A/Frameworks/CarbonCore.framework/Versions/A/CarbonCore
0x00007fff3b028000 	/System/Library/Frameworks/CoreServices.framework/Versions/A/Frameworks/Metadata.framework/Versions/A/Metadata
0x00007fff3b0c7000 	/System/Library/Frameworks/CoreServices.framework/Versions/A/Frameworks/OSServices.framework/Versions/A/OSServices
0x00007fff3b112000 	/System/Library/Frameworks/CoreServices.framework/Versions/A/Frameworks/SearchKit.framework/Versions/A/SearchKit
0x00007fff3aace000 	/System/Library/Frameworks/CoreServices.framework/Versions/A/Frameworks/AE.framework/Versions/A/AE
0x00007fff3ae75000 	/System/Library/Frameworks/CoreServices.framework/Versions/A/Frameworks/LaunchServices.framework/Versions/A/LaunchServices
0x00007fff3ae23000 	/System/Library/Frameworks/CoreServices.framework/Versions/A/Frameworks/DictionaryServices.framework/Versions/A/DictionaryServices
0x00007fff3b17a000 	/System/Library/Frameworks/CoreServices.framework/Versions/A/Frameworks/SharedFileList.framework/Versions/A/SharedFileList
0x00007fff3f4e6000 	/System/Library/Frameworks/NetFS.framework/Versions/A/NetFS
0x00007fff58662000 	/System/Library/PrivateFrameworks/NetAuth.framework/Versions/A/NetAuth
0x00007fff61fee000 	/System/Library/PrivateFrameworks/login.framework/Versions/A/Frameworks/loginsupport.framework/Versions/A/loginsupport
0x00007fff60111000 	/System/Library/PrivateFrameworks/TCC.framework/Versions/A/TCC
0x00007fff4d60f000 	/System/Library/PrivateFrameworks/CoreNLP.framework/Versions/A/CoreNLP
0x00007fff580f5000 	/System/Library/PrivateFrameworks/MetadataUtilities.framework/Versions/A/MetadataUtilities
0x00007fff63840000 	/usr/lib/libmecabra.dylib
0x00007fff37d26000 	/System/Library/Frameworks/ApplicationServices.framework/Versions/A/Frameworks/ATS.framework/Versions/A/ATS
0x00007fff38075000 	/System/Library/Frameworks/ApplicationServices.framework/Versions/A/Frameworks/ColorSyncLegacy.framework/Versions/A/ColorSyncLegacy
0x00007fff38114000 	/System/Library/Frameworks/ApplicationServices.framework/Versions/A/Frameworks/HIServices.framework/Versions/A/HIServices
0x00007fff38167000 	/System/Library/Frameworks/ApplicationServices.framework/Versions/A/Frameworks/LangAnalysis.framework/Versions/A/LangAnalysis
0x00007fff38177000 	/System/Library/Frameworks/ApplicationServices.framework/Versions/A/Frameworks/PrintCore.framework/Versions/A/PrintCore
0x00007fff381c1000 	/System/Library/Frameworks/ApplicationServices.framework/Versions/A/Frameworks/QD.framework/Versions/A/QD
0x00007fff381fb000 	/System/Library/Frameworks/ApplicationServices.framework/Versions/A/Frameworks/SpeechSynthesis.framework/Versions/A/SpeechSynthesis
0x00007fff62a87000 	/usr/lib/libcompression.dylib
0x00007fff3e6ee000 	/System/Library/Frameworks/MetalPerformanceShaders.framework/Versions/A/MetalPerformanceShaders
0x00007fff35d02000 	/System/Library/Frameworks/Accelerate.framework/Versions/A/Frameworks/vImage.framework/Versions/A/vImage
0x00007fff36d7c000 	/System/Library/Frameworks/Accelerate.framework/Versions/A/Frameworks/vecLib.framework/Versions/A/vecLib
0x00007fff36cc8000 	/System/Library/Frameworks/Accelerate.framework/Versions/A/Frameworks/vecLib.framework/Versions/A/libvMisc.dylib
0x00007fff36ae0000 	/System/Library/Frameworks/Accelerate.framework/Versions/A/Frameworks/vecLib.framework/Versions/A/libvDSP.dylib
0x00007fff3639c000 	/System/Library/Frameworks/Accelerate.framework/Versions/A/Frameworks/vecLib.framework/Versions/A/libBLAS.dylib
0x00007fff36689000 	/System/Library/Frameworks/Accelerate.framework/Versions/A/Frameworks/vecLib.framework/Versions/A/libLAPACK.dylib
0x00007fff36a33000 	/System/Library/Frameworks/Accelerate.framework/Versions/A/Frameworks/vecLib.framework/Versions/A/libLinearAlgebra.dylib
0x00007fff36acc000 	/System/Library/Frameworks/Accelerate.framework/Versions/A/Frameworks/vecLib.framework/Versions/A/libSparseBLAS.dylib
0x00007fff36a49000 	/System/Library/Frameworks/Accelerate.framework/Versions/A/Frameworks/vecLib.framework/Versions/A/libQuadrature.dylib
0x00007fff36616000 	/System/Library/Frameworks/Accelerate.framework/Versions/A/Frameworks/vecLib.framework/Versions/A/libBNNS.dylib
0x00007fff36a4f000 	/System/Library/Frameworks/Accelerate.framework/Versions/A/Frameworks/vecLib.framework/Versions/A/libSparse.dylib
0x00007fff54951000 	/System/Library/PrivateFrameworks/GPUWrangler.framework/Versions/A/GPUWrangler
0x00007fff56c23000 	/System/Library/PrivateFrameworks/IOAccelerator.framework/Versions/A/IOAccelerator
0x00007fff56c2e000 	/System/Library/PrivateFrameworks/IOPresentment.framework/Versions/A/IOPresentment
0x00007fff4e3e5000 	/System/Library/PrivateFrameworks/DSExternalDisplay.framework/Versions/A/DSExternalDisplay
0x00007fff42962000 	/System/Library/Frameworks/OpenGL.framework/Versions/A/Libraries/libCoreFSCache.dylib
0x00007fff3e4e2000 	/System/Library/Frameworks/MetalPerformanceShaders.framework/Frameworks/MPSCore.framework/Versions/A/MPSCore
0x00007fff3e502000 	/System/Library/Frameworks/MetalPerformanceShaders.framework/Frameworks/MPSImage.framework/Versions/A/MPSImage
0x00007fff3e5a7000 	/System/Library/Frameworks/MetalPerformanceShaders.framework/Frameworks/MPSNeuralNetwork.framework/Versions/A/MPSNeuralNetwork
0x00007fff3e57f000 	/System/Library/Frameworks/MetalPerformanceShaders.framework/Frameworks/MPSMatrix.framework/Versions/A/MPSMatrix
0x00007fff3e6d3000 	/System/Library/Frameworks/MetalPerformanceShaders.framework/Frameworks/MPSRayIntersector.framework/Versions/A/MPSRayIntersector
0x00007fff5811e000 	/System/Library/PrivateFrameworks/MetalTools.framework/Versions/A/MetalTools
0x00007fff492a5000 	/System/Library/PrivateFrameworks/AggregateDictionary.framework/Versions/A/AggregateDictionary
0x00007fff62669000 	/usr/lib/libMobileGestalt.dylib
0x00007fff3b609000 	/System/Library/Frameworks/CoreVideo.framework/Versions/A/CoreVideo
0x00007fff55761000 	/System/Library/PrivateFrameworks/GraphVisualizer.framework/Versions/A/GraphVisualizer
0x00007fff4f5e1000 	/System/Library/PrivateFrameworks/FaceCore.framework/Versions/A/FaceCore
0x00007fff41f90000 	/System/Library/Frameworks/OpenCL.framework/Versions/A/OpenCL
0x00007fff623c1000 	/usr/lib/libFosl_dynamic.dylib
0x00007fff58ecd000 	/System/Library/PrivateFrameworks/OTSVG.framework/Versions/A/OTSVG
0x00007fff37e2a000 	/System/Library/Frameworks/ApplicationServices.framework/Versions/A/Frameworks/ATS.framework/Versions/A/Resources/libFontParser.dylib
0x00007fff37f42000 	/System/Library/Frameworks/ApplicationServices.framework/Versions/A/Frameworks/ATS.framework/Versions/A/Resources/libFontRegistry.dylib
0x00007fff3c513000 	/System/Library/Frameworks/ImageIO.framework/Versions/A/Resources/libJPEG.dylib
0x00007fff3c825000 	/System/Library/Frameworks/ImageIO.framework/Versions/A/Resources/libTIFF.dylib
0x00007fff3c7fb000 	/System/Library/Frameworks/ImageIO.framework/Versions/A/Resources/libPng.dylib
0x00007fff3c431000 	/System/Library/Frameworks/ImageIO.framework/Versions/A/Resources/libGIF.dylib
0x00007fff3c436000 	/System/Library/Frameworks/ImageIO.framework/Versions/A/Resources/libJP2.dylib
0x00007fff3c822000 	/System/Library/Frameworks/ImageIO.framework/Versions/A/Resources/libRadiance.dylib
0x00007fff49b4f000 	/System/Library/PrivateFrameworks/AppleJPEG.framework/Versions/A/AppleJPEG
0x00007fff4296d000 	/System/Library/Frameworks/OpenGL.framework/Versions/A/Libraries/libGFXShared.dylib
0x00007fff42b30000 	/System/Library/Frameworks/OpenGL.framework/Versions/A/Libraries/libGLU.dylib
0x00007fff42976000 	/System/Library/Frameworks/OpenGL.framework/Versions/A/Libraries/libGL.dylib
0x00007fff42982000 	/System/Library/Frameworks/OpenGL.framework/Versions/A/Libraries/libGLImage.dylib
0x00007fff4295f000 	/System/Library/Frameworks/OpenGL.framework/Versions/A/Libraries/libCVMSPluginSupport.dylib
0x00007fff42968000 	/System/Library/Frameworks/OpenGL.framework/Versions/A/Libraries/libCoreVMClient.dylib
0x00007fff631d8000 	/usr/lib/libcups.2.dylib
0x00007fff3d9e9000 	/System/Library/Frameworks/Kerberos.framework/Versions/A/Kerberos
0x00007fff3bf16000 	/System/Library/Frameworks/GSS.framework/Versions/A/GSS
0x00007fff648eb000 	/usr/lib/libresolv.9.dylib
0x00007fff633ca000 	/usr/lib/libiconv.2.dylib
0x00007fff558c0000 	/System/Library/PrivateFrameworks/Heimdal.framework/Versions/A/Heimdal
0x00007fff6339a000 	/usr/lib/libheimdal-asn1.dylib
0x00007fff42004000 	/System/Library/Frameworks/OpenDirectory.framework/Versions/A/OpenDirectory
0x00007fff4c374000 	/System/Library/PrivateFrameworks/CommonAuth.framework/Versions/A/CommonAuth
0x00007fff41fe8000 	/System/Library/Frameworks/OpenDirectory.framework/Versions/A/Frameworks/CFOpenDirectory.framework/Versions/A/CFOpenDirectory
0x00007fff450a8000 	/System/Library/Frameworks/SecurityFoundation.framework/Versions/A/SecurityFoundation
0x00007fff487ee000 	/System/Library/PrivateFrameworks/APFS.framework/Versions/A/APFS
0x00007fff64d4c000 	/usr/lib/libutil.dylib
0x00007fff62a75000 	/usr/lib/libcharset.1.dylib
0x00007fff49dec000 	/System/Library/PrivateFrameworks/AppleSauce.framework/Versions/A/AppleSauce
0x00007fff49f6d000 	/System/Library/PrivateFrameworks/AssertionServices.framework/Versions/A/AssertionServices
0x00007fff4a69d000 	/System/Library/PrivateFrameworks/BaseBoard.framework/Versions/A/BaseBoard
0x00007fff6379b000 	/usr/lib/libmecab.1.0.0.dylib
0x00007fff63394000 	/usr/lib/libgermantok.dylib
0x00007fff62845000 	/usr/lib/libThaiTokenizer.dylib
0x00007fff622f1000 	/usr/lib/libChineseTokenizer.dylib
0x00007fff572dc000 	/System/Library/PrivateFrameworks/LanguageModeling.framework/Versions/A/LanguageModeling
0x00007fff4d055000 	/System/Library/PrivateFrameworks/CoreEmoji.framework/Versions/A/CoreEmoji
0x00007fff573b8000 	/System/Library/PrivateFrameworks/Lexicon.framework/Versions/A/Lexicon
0x00007fff573fb000 	/System/Library/PrivateFrameworks/LinguisticData.framework/Versions/A/LinguisticData
0x00007fff62a76000 	/usr/lib/libcmph.dylib
0x00007fff45166000 	/System/Library/Frameworks/ServiceManagement.framework/Versions/A/ServiceManagement
0x00007fff4a5fe000 	/System/Library/PrivateFrameworks/BackgroundTaskManagement.framework/Versions/A/BackgroundTaskManagement
0x00007fff64e45000 	/usr/lib/libxslt.1.dylib
0x00007fff38e95000 	/System/Library/Frameworks/Carbon.framework/Versions/A/Frameworks/Ink.framework/Versions/A/Ink
0x00007fff60383000 	/System/Library/PrivateFrameworks/TextureIO.framework/Versions/A/TextureIO
0x00007fff62899000 	/usr/lib/libate.dylib
0x00007fff4e334000 	/System/Library/PrivateFrameworks/CrashReporterSupport.framework/Versions/A/CrashReporterSupport
0x00007fff5dac2000 	/System/Library/PrivateFrameworks/Sharing.framework/Versions/A/Sharing
0x00007fff4a350000 	/System/Library/PrivateFrameworks/AuthKit.framework/Versions/A/AuthKit
0x00007fff498a4000 	/System/Library/PrivateFrameworks/Apple80211.framework/Versions/A/Apple80211
0x00007fff4e0de000 	/System/Library/PrivateFrameworks/CoreUtils.framework/Versions/A/CoreUtils
0x00007fff3b649000 	/System/Library/Frameworks/CoreWLAN.framework/Versions/A/CoreWLAN
0x00007fff3c045000 	/System/Library/Frameworks/IOBluetooth.framework/Versions/A/IOBluetooth
0x00007fff5bf42000 	/System/Library/PrivateFrameworks/ProtocolBuffer.framework/Versions/A/ProtocolBuffer
0x00007fff58358000 	/System/Library/PrivateFrameworks/MobileKeyBag.framework/Versions/A/MobileKeyBag
0x00007fff4d922000 	/System/Library/PrivateFrameworks/CorePhoneNumbers.framework/Versions/A/CorePhoneNumbers
0x00007fff49b03000 	/System/Library/PrivateFrameworks/AppleIDAuthSupport.framework/Versions/A/AppleIDAuthSupport
0x00007fff572af000 	/System/Library/PrivateFrameworks/KeychainCircle.framework/Versions/A/KeychainCircle
0x00007fff5c0f8000 	/System/Library/PrivateFrameworks/ROCKit.framework/Versions/A/ROCKit
0x00007fff4e2d0000 	/System/Library/PrivateFrameworks/CoreWiFi.framework/Versions/A/CoreWiFi
0x00007fff393e0000 	/System/Library/Frameworks/CoreBluetooth.framework/Versions/A/CoreBluetooth
0x00007fff4e52b000 	/System/Library/PrivateFrameworks/DebugSymbols.framework/Versions/A/DebugSymbols
0x00007fff4de9e000 	/System/Library/PrivateFrameworks/CoreSymbolication.framework/Versions/A/CoreSymbolication
0x00007fff5fb9e000 	/System/Library/PrivateFrameworks/Symbolication.framework/Versions/A/Symbolication
0x00007fff5f441000 	/System/Library/PrivateFrameworks/SpeechRecognitionCore.framework/Versions/A/SpeechRecognitionCore
0x000000010c600000 	/Library/Java/JavaVirtualMachines/jdk1.8.0_201.jdk/Contents/Home/jre/lib/server/libjvm.dylib
0x00007fff64c27000 	/usr/lib/libstdc++.6.dylib
0x000000010b560000 	/Library/Java/JavaVirtualMachines/jdk1.8.0_201.jdk/Contents/Home/jre/lib/libverify.dylib
0x000000010b56e000 	/Library/Java/JavaVirtualMachines/jdk1.8.0_201.jdk/Contents/Home/jre/lib/libjava.dylib
0x000000010d5b9000 	/Library/Java/JavaVirtualMachines/jdk1.8.0_201.jdk/Contents/Home/jre/lib/libjdwp.dylib
0x000000010b5b9000 	/Library/Java/JavaVirtualMachines/jdk1.8.0_201.jdk/Contents/Home/jre/lib/libnpt.dylib
0x000000010b5bd000 	/Library/Java/JavaVirtualMachines/jdk1.8.0_201.jdk/Contents/Home/jre/lib/libinstrument.dylib
0x000000010b5f3000 	/Library/Java/JavaVirtualMachines/jdk1.8.0_201.jdk/Contents/Home/jre/lib/libzip.dylib
0x0000000111740000 	/Library/Java/JavaVirtualMachines/jdk1.8.0_201.jdk/Contents/Home/jre/lib/libdt_socket.dylib
0x00000001128db000 	/Library/Java/JavaVirtualMachines/jdk1.8.0_201.jdk/Contents/Home/jre/lib/libnet.dylib
0x0000000112a36000 	/Library/Java/JavaVirtualMachines/jdk1.8.0_201.jdk/Contents/Home/jre/lib/libmanagement.dylib
0x000000011261b000 	/Library/Java/JavaVirtualMachines/jdk1.8.0_201.jdk/Contents/Home/jre/lib/libnio.dylib
0x00000001126d7000 	/Library/Java/JavaVirtualMachines/jdk1.8.0_201.jdk/Contents/Home/jre/lib/libsunec.dylib

VM Arguments:
jvm_args: -agentlib:jdwp=transport=dt_socket,suspend=y,address=localhost:60823 -javaagent:/Users/onkomanya/projects/eclipse/jerotoma/Eclipse.app/Contents/Eclipse/configuration/org.eclipse.osgi/403/0/.cp/lib/javaagent-shaded.jar -Dfile.encoding=UTF-8 
java_command: com.jerotoma.PMSApplication
java_class_path (initial): /Users/onkomanya/projects/Jerotoma/Jerotoma/Web/target/classes:/Users/onkomanya/projects/Jerotoma/Jerotoma/Services/target/classes:/Users/onkomanya/projects/Jerotoma/Jerotoma/Database/target/classes:/Users/onkomanya/projects/Jerotoma/Jerotoma/Common/target/classes:/Users/onkomanya/.m2/repository/com/jerotoma/jerotoma-front/1.0-SNAPSHOT/jerotoma-front-1.0-SNAPSHOT.jar:/Users/onkomanya/.m2/repository/org/springframework/boot/spring-boot-starter-web/2.1.3.RELEASE/spring-boot-starter-web-2.1.3.RELEASE.jar:/Users/onkomanya/.m2/repository/org/springframework/boot/spring-boot-starter/2.1.3.RELEASE/spring-boot-starter-2.1.3.RELEASE.jar:/Users/onkomanya/.m2/repository/org/yaml/snakeyaml/1.23/snakeyaml-1.23.jar:/Users/onkomanya/.m2/repository/org/hibernate/validator/hibernate-validator/6.0.14.Final/hibernate-validator-6.0.14.Final.jar:/Users/onkomanya/.m2/repository/javax/validation/validation-api/2.0.1.Final/validation-api-2.0.1.Final.jar:/Users/onkomanya/.m2/repository/org/jboss/logging/jboss-logging/3.3.2.Final/jboss-logging-3.3.2.Final.jar:/Users/onkomanya/.m2/repository/com/fasterxml/classmate/1.4.0/classmate-1.4.0.jar:/Users/onkomanya/.m2/repository/org/springframework/spring-web/5.1.5.RELEASE/spring-web-5.1.5.RELEASE.jar:/Users/onkomanya/.m2/repository/org/springframework/spring-webmvc/5.1.5.RELEASE/spring-webmvc-5.1.5.RELEASE.jar:/Users/onkomanya/.m2/repository/org/springframework/boot/spring-boot-starter-security/2.1.3.RELEASE/spring-boot-starter-security-2.1.3.RELEASE.jar:/Users/onkomanya/.m2/repository/org/springframework/spring-aop/5.1.5.RELEASE/spring-aop-5.1.5.RELEASE.jar:/Users/onkomanya/.m2/repository/org/springframework/security/spring-security-config/5.1.4.RELEASE/spring-security-config-5.1.4.RELEASE.jar:/Users/onkomanya/.m2/repository/org/springframework/security/spring-security-web/5.1.4.RELEASE/spring-security-web-5.1.4.RELEASE.jar:/Users/onkomanya/.m2/repository/org/springframework/boot/spring-boot-starter-tomcat/2.1.3.RELEAS
Launcher Type: SUN_STANDARD

Environment Variables:
PATH=/usr/bin:/bin:/usr/sbin:/sbin
SHELL=/bin/bash

Signal Handlers:
SIGSEGV: [libjvm.dylib+0x5b723d], sa_mask[0]=11111111011111110111111111111111, sa_flags=SA_ONSTACK|SA_RESTART|SA_SIGINFO
SIGBUS: [libjvm.dylib+0x5b723d], sa_mask[0]=11111111011111110111111111111111, sa_flags=SA_RESTART|SA_SIGINFO
SIGFPE: [libjvm.dylib+0x48c9bc], sa_mask[0]=11111111011111110111111111111111, sa_flags=SA_RESTART|SA_SIGINFO
SIGPIPE: [libjvm.dylib+0x48c9bc], sa_mask[0]=11111111011111110111111111111111, sa_flags=SA_RESTART|SA_SIGINFO
SIGXFSZ: [libjvm.dylib+0x48c9bc], sa_mask[0]=11111111011111110111111111111111, sa_flags=SA_RESTART|SA_SIGINFO
SIGILL: [libjvm.dylib+0x48c9bc], sa_mask[0]=11111111011111110111111111111111, sa_flags=SA_RESTART|SA_SIGINFO
SIGUSR1: SIG_DFL, sa_mask[0]=00000000000000000000000000000000, sa_flags=none
SIGUSR2: [libjvm.dylib+0x48c4da], sa_mask[0]=00100000000000000000000000000000, sa_flags=SA_RESTART|SA_SIGINFO
SIGHUP: [libjvm.dylib+0x48aa65], sa_mask[0]=11111111011111110111111111111111, sa_flags=SA_RESTART|SA_SIGINFO
SIGINT: [libjvm.dylib+0x48aa65], sa_mask[0]=11111111011111110111111111111111, sa_flags=SA_RESTART|SA_SIGINFO
SIGTERM: [libjvm.dylib+0x48aa65], sa_mask[0]=11111111011111110111111111111111, sa_flags=SA_RESTART|SA_SIGINFO
SIGQUIT: [libjvm.dylib+0x48aa65], sa_mask[0]=11111111011111110111111111111111, sa_flags=SA_RESTART|SA_SIGINFO


---------------  S Y S T E M  ---------------

OS:Bsduname:Darwin 18.6.0 Darwin Kernel Version 18.6.0: Thu Apr 25 23:16:27 PDT 2019; root:xnu-4903.261.4~2/RELEASE_X86_64 x86_64
rlimit: STACK 8192k, CORE 0k, NPROC 1418, NOFILE 10240, AS infinity
load average:2.01 2.42 2.34

CPU:total 8 (initial active 8) (4 cores per cpu, 2 threads per core) family 6 model 158 stepping 9, cmov, cx8, fxsr, mmx, sse, sse2, sse3, ssse3, sse4.1, sse4.2, popcnt, avx, avx2, aes, clmul, erms, 3dnowpref, lzcnt, ht, tsc, tscinvbit, bmi1, bmi2, adx

Memory: 4k page, physical 16777216k(422132k free)

/proc/meminfo:


vm_info: Java HotSpot(TM) 64-Bit Server VM (25.201-b09) for bsd-amd64 JRE (1.8.0_201-b09), built on Dec 15 2018 18:35:23 by "java_re" with gcc 4.2.1 (Based on Apple Inc. build 5658) (LLVM build 2336.11.00)

time: Tue Jul 16 22:12:39 2019
timezone: EDT
elapsed time: 373 seconds (0d 0h 6m 13s)

